<?xml version="1.0" encoding="UTF-8"?>
<!-- Generated by org.testng.reporters.JUnitReportReporter -->
<testsuite hostname="PC-201604071707" name="com.Login" tests="1" failures="0" timestamp="10 Mar 2017 07:11:33 GMT" time="8.154" errors="0">
  <testcase name="login" time="8.154" classname="com.Login"/>
</testsuite> <!-- com.Login -->
