<?xml version="1.0" encoding="UTF-8"?>
<!-- Generated by org.testng.reporters.JUnitReportReporter -->
<testsuite hostname="PC-201604071707" name="com.Main" tests="1" failures="0" timestamp="17 Mar 2017 06:09:58 GMT" time="40.962" errors="0">
  <testcase name="IMUserServerMain" time="40.962" classname="com.Main"/>
</testsuite> <!-- com.Main -->
